# JRE version: Java(TM) SE Runtime Environment (19.0+36) (build 19+36-2238)
# Java VM: Java HotSpot(TM) 64-Bit Server VM (19+36-2238, mixed mode, sharing, tiered, compressed oops, compressed class ptrs, g1 gc, windows-amd64)
GC Precious Log:
 CardTable entry size: 512
 Card Set container configuration: InlinePtr #cards 5 size 8 Array Of Cards #cards 12 size 40 Howl #buckets 4 coarsen threshold 1843 Howl Bitmap #cards 512 size 80 coarsen threshold 460 Card regions per heap region 1 cards per card region 2048
 CPUs: 8 total, 8 available
 Memory: 8068M
 Large Page Support: Disabled
 NUMA Support: Disabled
 Compressed Oops: Enabled (32-bit)
 Heap Region Size: 1M
 Heap Min Capacity: 8M
 Heap Initial Capacity: 128M
 Heap Max Capacity: 1536M
 Pre-touch: Disabled
 Parallel Workers: 8
 Concurrent Workers: 2
 Concurrent Refinement Workers: 8
 Periodic GC: Disabled
Heap:
 garbage-first heap   total 420864K, used 281571K [0x00000000a0000000, 0x0000000100000000)
  region size 1024K, 22 young (22528K), 8 survivors (8192K)
 Metaspace       used 103648K, committed 106048K, reserved 1179648K
  class space    used 13498K, committed 14656K, reserved 1048576K
GC Heap History (20 events):
Event: 7.765 GC heap before
{Heap before GC invocations=22 (full 0):
 garbage-first heap   total 140288K, used 74821K [0x00000000a0000000, 0x0000000100000000)
  region size 1024K, 6 young (6144K), 3 survivors (3072K)
 Metaspace       used 65249K, committed 67072K, reserved 1114112K
  class space    used 8618K, committed 9536K, reserved 1048576K
}
Event: 7.768 GC heap after
{Heap after GC invocations=23 (full 0):
 garbage-first heap   total 140288K, used 71566K [0x00000000a0000000, 0x0000000100000000)
  region size 1024K, 1 young (1024K), 1 survivors (1024K)
 Metaspace       used 65249K, committed 67072K, reserved 1114112K
  class space    used 8618K, committed 9536K, reserved 1048576K
}
Event: 8.162 GC heap before
{Heap before GC invocations=23 (full 0):
 garbage-first heap   total 140288K, used 113550K [0x00000000a0000000, 0x0000000100000000)
  region size 1024K, 43 young (44032K), 1 survivors (1024K)
 Metaspace       used 68952K, committed 70784K, reserved 1114112K
  class space    used 9165K, committed 10112K, reserved 1048576K
}
Event: 8.186 GC heap after
{Heap after GC invocations=24 (full 0):
 garbage-first heap   total 420864K, used 74459K [0x00000000a0000000, 0x0000000100000000)
  region size 1024K, 4 young (4096K), 4 survivors (4096K)
 Metaspace       used 68952K, committed 70784K, reserved 1114112K
  class space    used 9165K, committed 10112K, reserved 1048576K
}
Event: 11.667 GC heap before
{Heap before GC invocations=24 (full 0):
 garbage-first heap   total 420864K, used 326363K [0x00000000a0000000, 0x0000000100000000)
  region size 1024K, 246 young (251904K), 4 survivors (4096K)
 Metaspace       used 77772K, committed 79936K, reserved 1179648K
  class space    used 10482K, committed 11584K, reserved 1048576K
}
Event: 11.698 GC heap after
{Heap after GC invocations=25 (full 0):
 garbage-first heap   total 420864K, used 118945K [0x00000000a0000000, 0x0000000100000000)
  region size 1024K, 31 young (31744K), 31 survivors (31744K)
 Metaspace       used 77772K, committed 79936K, reserved 1179648K
  class space    used 10482K, committed 11584K, reserved 1048576K
}
Event: 13.712 GC heap before
{Heap before GC invocations=25 (full 0):
 garbage-first heap   total 420864K, used 288929K [0x00000000a0000000, 0x0000000100000000)
  region size 1024K, 189 young (193536K), 31 survivors (31744K)
 Metaspace       used 86686K, committed 88960K, reserved 1179648K
  class space    used 11636K, committed 12736K, reserved 1048576K
}
Event: 13.753 GC heap after
{Heap after GC invocations=26 (full 0):
 garbage-first heap   total 420864K, used 155648K [0x00000000a0000000, 0x0000000100000000)
  region size 1024K, 24 young (24576K), 24 survivors (24576K)
 Metaspace       used 86686K, committed 88960K, reserved 1179648K
  class space    used 11636K, committed 12736K, reserved 1048576K
}
Event: 15.081 GC heap before
{Heap before GC invocations=26 (full 0):
 garbage-first heap   total 420864K, used 299008K [0x00000000a0000000, 0x0000000100000000)
  region size 1024K, 163 young (166912K), 24 survivors (24576K)
 Metaspace       used 94327K, committed 96704K, reserved 1179648K
  class space    used 12644K, committed 13760K, reserved 1048576K
}
Event: 15.110 GC heap after
{Heap after GC invocations=27 (full 0):
 garbage-first heap   total 420864K, used 180224K [0x00000000a0000000, 0x0000000100000000)
  region size 1024K, 21 young (21504K), 21 survivors (21504K)
 Metaspace       used 94327K, committed 96704K, reserved 1179648K
  class space    used 12644K, committed 13760K, reserved 1048576K
}
Event: 19.913 GC heap before
{Heap before GC invocations=27 (full 0):
 garbage-first heap   total 420864K, used 314368K [0x00000000a0000000, 0x0000000100000000)
  region size 1024K, 150 young (153600K), 21 survivors (21504K)
 Metaspace       used 101695K, committed 104000K, reserved 1179648K
  class space    used 13455K, committed 14592K, reserved 1048576K
}
Event: 19.931 GC heap after
{Heap after GC invocations=28 (full 0):
 garbage-first heap   total 420864K, used 193536K [0x00000000a0000000, 0x0000000100000000)
  region size 1024K, 12 young (12288K), 12 survivors (12288K)
 Metaspace       used 101695K, committed 104000K, reserved 1179648K
  class space    used 13455K, committed 14592K, reserved 1048576K
}
Event: 36.715 GC heap before
{Heap before GC invocations=28 (full 0):
 garbage-first heap   total 420864K, used 322560K [0x00000000a0000000, 0x0000000100000000)
  region size 1024K, 139 young (142336K), 12 survivors (12288K)
 Metaspace       used 102636K, committed 105024K, reserved 1179648K
  class space    used 13490K, committed 14656K, reserved 1048576K
}
Event: 36.762 GC heap after
{Heap after GC invocations=29 (full 0):
 garbage-first heap   total 420864K, used 215552K [0x00000000a0000000, 0x0000000100000000)
  region size 1024K, 18 young (18432K), 18 survivors (18432K)
 Metaspace       used 102636K, committed 105024K, reserved 1179648K
  class space    used 13490K, committed 14656K, reserved 1048576K
}
Event: 38.195 GC heap before
{Heap before GC invocations=29 (full 0):
 garbage-first heap   total 420864K, used 325120K [0x00000000a0000000, 0x0000000100000000)
  region size 1024K, 126 young (129024K), 18 survivors (18432K)
 Metaspace       used 103028K, committed 105408K, reserved 1179648K
  class space    used 13491K, committed 14656K, reserved 1048576K
}
Event: 38.256 GC heap after
{Heap after GC invocations=30 (full 0):
 garbage-first heap   total 420864K, used 239616K [0x00000000a0000000, 0x0000000100000000)
  region size 1024K, 16 young (16384K), 16 survivors (16384K)
 Metaspace       used 103028K, committed 105408K, reserved 1179648K
  class space    used 13491K, committed 14656K, reserved 1048576K
}
Event: 45.159 GC heap before
{Heap before GC invocations=30 (full 0):
 garbage-first heap   total 420864K, used 332800K [0x00000000a0000000, 0x0000000100000000)
  region size 1024K, 105 young (107520K), 16 survivors (16384K)
 Metaspace       used 103255K, committed 105600K, reserved 1179648K
  class space    used 13492K, committed 14656K, reserved 1048576K
}
Event: 45.193 GC heap after
{Heap after GC invocations=31 (full 0):
 garbage-first heap   total 420864K, used 258560K [0x00000000a0000000, 0x0000000100000000)
  region size 1024K, 14 young (14336K), 14 survivors (14336K)
 Metaspace       used 103255K, committed 105600K, reserved 1179648K
  class space    used 13492K, committed 14656K, reserved 1048576K
}
Event: 817.451 GC heap before
{Heap before GC invocations=31 (full 0):
 garbage-first heap   total 420864K, used 335360K [0x00000000a0000000, 0x0000000100000000)
  region size 1024K, 90 young (92160K), 14 survivors (14336K)
 Metaspace       used 103636K, committed 105984K, reserved 1179648K
  class space    used 13498K, committed 14656K, reserved 1048576K
}
Event: 817.546 GC heap after
{Heap after GC invocations=32 (full 0):
 garbage-first heap   total 420864K, used 268259K [0x00000000a0000000, 0x0000000100000000)
  region size 1024K, 8 young (8192K), 8 survivors (8192K)
 Metaspace       used 103636K, committed 105984K, reserved 1179648K
  class space    used 13498K, committed 14656K, reserved 1048576K
}

