# JRE version: Java(TM) SE Runtime Environment (19.0+36) (build 19+36-2238)
# Java VM: Java HotSpot(TM) 64-Bit Server VM (19+36-2238, mixed mode, sharing, tiered, compressed oops, compressed class ptrs, g1 gc, windows-amd64)
GC Precious Log:
 CardTable entry size: 512
 Card Set container configuration: InlinePtr #cards 5 size 8 Array Of Cards #cards 12 size 40 Howl #buckets 4 coarsen threshold 1843 Howl Bitmap #cards 512 size 80 coarsen threshold 460 Card regions per heap region 1 cards per card region 2048
 CPUs: 8 total, 8 available
 Memory: 8068M
 Large Page Support: Disabled
 NUMA Support: Disabled
 Compressed Oops: Enabled (32-bit)
 Heap Region Size: 1M
 Heap Min Capacity: 8M
 Heap Initial Capacity: 128M
 Heap Max Capacity: 1536M
 Pre-touch: Disabled
 Parallel Workers: 8
 Concurrent Workers: 2
 Concurrent Refinement Workers: 8
 Periodic GC: Disabled
Heap:
 garbage-first heap   total 215040K, used 141060K [0x00000000a0000000, 0x0000000100000000)
  region size 1024K, 5 young (5120K), 5 survivors (5120K)
 Metaspace       used 78614K, committed 80896K, reserved 1179648K
  class space    used 10613K, committed 11712K, reserved 1048576K
GC Heap History (20 events):
Event: 56.726 GC heap after
{Heap after GC invocations=22 (full 0):
 garbage-first heap   total 198656K, used 62779K [0x00000000a0000000, 0x0000000100000000)
  region size 1024K, 1 young (1024K), 1 survivors (1024K)
 Metaspace       used 58708K, committed 60416K, reserved 1114112K
  class space    used 7773K, committed 8640K, reserved 1048576K
}
Event: 64.562 GC heap before
{Heap before GC invocations=22 (full 0):
 garbage-first heap   total 198656K, used 148795K [0x00000000a0000000, 0x0000000100000000)
  region size 1024K, 84 young (86016K), 1 survivors (1024K)
 Metaspace       used 63951K, committed 65728K, reserved 1114112K
  class space    used 8402K, committed 9344K, reserved 1048576K
}
Event: 64.594 GC heap after
{Heap after GC invocations=23 (full 0):
 garbage-first heap   total 198656K, used 68528K [0x00000000a0000000, 0x0000000100000000)
  region size 1024K, 7 young (7168K), 7 survivors (7168K)
 Metaspace       used 63951K, committed 65728K, reserved 1114112K
  class space    used 8402K, committed 9344K, reserved 1048576K
}
Event: 71.483 GC heap before
{Heap before GC invocations=23 (full 0):
 garbage-first heap   total 198656K, used 150448K [0x00000000a0000000, 0x0000000100000000)
  region size 1024K, 87 young (89088K), 7 survivors (7168K)
 Metaspace       used 66698K, committed 68672K, reserved 1114112K
  class space    used 8802K, committed 9792K, reserved 1048576K
}
Event: 71.546 GC heap after
{Heap after GC invocations=24 (full 0):
 garbage-first heap   total 198656K, used 73486K [0x00000000a0000000, 0x0000000100000000)
  region size 1024K, 6 young (6144K), 6 survivors (6144K)
 Metaspace       used 66698K, committed 68672K, reserved 1114112K
  class space    used 8802K, committed 9792K, reserved 1048576K
}
Event: 78.684 GC heap before
{Heap before GC invocations=24 (full 0):
 garbage-first heap   total 198656K, used 153358K [0x00000000a0000000, 0x0000000100000000)
  region size 1024K, 84 young (86016K), 6 survivors (6144K)
 Metaspace       used 73234K, committed 75200K, reserved 1114112K
  class space    used 9887K, committed 10880K, reserved 1048576K
}
Event: 78.745 GC heap after
{Heap after GC invocations=25 (full 0):
 garbage-first heap   total 198656K, used 79235K [0x00000000a0000000, 0x0000000100000000)
  region size 1024K, 11 young (11264K), 11 survivors (11264K)
 Metaspace       used 73234K, committed 75200K, reserved 1114112K
  class space    used 9887K, committed 10880K, reserved 1048576K
}
Event: 87.507 GC heap before
{Heap before GC invocations=25 (full 0):
 garbage-first heap   total 198656K, used 158083K [0x00000000a0000000, 0x0000000100000000)
  region size 1024K, 86 young (88064K), 11 survivors (11264K)
 Metaspace       used 76398K, committed 78464K, reserved 1179648K
  class space    used 10366K, committed 11392K, reserved 1048576K
}
Event: 87.604 GC heap after
{Heap after GC invocations=26 (full 0):
 garbage-first heap   total 198656K, used 92394K [0x00000000a0000000, 0x0000000100000000)
  region size 1024K, 11 young (11264K), 11 survivors (11264K)
 Metaspace       used 76398K, committed 78464K, reserved 1179648K
  class space    used 10366K, committed 11392K, reserved 1048576K
}
Event: 94.056 GC heap before
{Heap before GC invocations=26 (full 0):
 garbage-first heap   total 198656K, used 155882K [0x00000000a0000000, 0x0000000100000000)
  region size 1024K, 72 young (73728K), 11 survivors (11264K)
 Metaspace       used 77434K, committed 79552K, reserved 1179648K
  class space    used 10463K, committed 11520K, reserved 1048576K
}
Event: 94.178 GC heap after
{Heap after GC invocations=27 (full 0):
 garbage-first heap   total 198656K, used 109178K [0x00000000a0000000, 0x0000000100000000)
  region size 1024K, 9 young (9216K), 9 survivors (9216K)
 Metaspace       used 77434K, committed 79552K, reserved 1179648K
  class space    used 10463K, committed 11520K, reserved 1048576K
}
Event: 98.125 GC heap before
{Heap before GC invocations=27 (full 0):
 garbage-first heap   total 198656K, used 155258K [0x00000000a0000000, 0x0000000100000000)
  region size 1024K, 54 young (55296K), 9 survivors (9216K)
 Metaspace       used 77873K, committed 80064K, reserved 1179648K
  class space    used 10511K, committed 11584K, reserved 1048576K
}
Event: 98.225 GC heap after
{Heap after GC invocations=28 (full 0):
 garbage-first heap   total 198656K, used 118704K [0x00000000a0000000, 0x0000000100000000)
  region size 1024K, 7 young (7168K), 7 survivors (7168K)
 Metaspace       used 77873K, committed 80064K, reserved 1179648K
  class space    used 10511K, committed 11584K, reserved 1048576K
}
Event: 98.873 GC heap before
{Heap before GC invocations=28 (full 0):
 garbage-first heap   total 198656K, used 127920K [0x00000000a0000000, 0x0000000100000000)
  region size 1024K, 17 young (17408K), 7 survivors (7168K)
 Metaspace       used 77976K, committed 80128K, reserved 1179648K
  class space    used 10523K, committed 11584K, reserved 1048576K
}
Event: 98.933 GC heap after
{Heap after GC invocations=29 (full 0):
 garbage-first heap   total 198656K, used 122340K [0x00000000a0000000, 0x0000000100000000)
  region size 1024K, 3 young (3072K), 3 survivors (3072K)
 Metaspace       used 77976K, committed 80128K, reserved 1179648K
  class space    used 10523K, committed 11584K, reserved 1048576K
}
Event: 101.966 GC heap before
{Heap before GC invocations=30 (full 0):
 garbage-first heap   total 215040K, used 156132K [0x00000000a0000000, 0x0000000100000000)
  region size 1024K, 34 young (34816K), 3 survivors (3072K)
 Metaspace       used 78268K, committed 80576K, reserved 1179648K
  class space    used 10566K, committed 11648K, reserved 1048576K
}
Event: 102.030 GC heap after
{Heap after GC invocations=31 (full 0):
 garbage-first heap   total 215040K, used 132830K [0x00000000a0000000, 0x0000000100000000)
  region size 1024K, 5 young (5120K), 5 survivors (5120K)
 Metaspace       used 78268K, committed 80576K, reserved 1179648K
  class space    used 10566K, committed 11648K, reserved 1048576K
}
Event: 102.282 GC heap before
{Heap before GC invocations=31 (full 0):
 garbage-first heap   total 215040K, used 137950K [0x00000000a0000000, 0x0000000100000000)
  region size 1024K, 10 young (10240K), 5 survivors (5120K)
 Metaspace       used 78268K, committed 80576K, reserved 1179648K
  class space    used 10566K, committed 11648K, reserved 1048576K
}
Event: 102.319 GC heap after
{Heap after GC invocations=32 (full 0):
 garbage-first heap   total 215040K, used 132976K [0x00000000a0000000, 0x0000000100000000)
  region size 1024K, 1 young (1024K), 1 survivors (1024K)
 Metaspace       used 78268K, committed 80576K, reserved 1179648K
  class space    used 10566K, committed 11648K, reserved 1048576K
}
Event: 104.694 GC heap before
{Heap before GC invocations=32 (full 0):
 garbage-first heap   total 215040K, used 167792K [0x00000000a0000000, 0x0000000100000000)
  region size 1024K, 35 young (35840K), 1 survivors (1024K)
 Metaspace       used 78614K, committed 80896K, reserved 1179648K
  class space    used 10613K, committed 11712K, reserved 1048576K
}

