# JRE version: Java(TM) SE Runtime Environment (19.0+36) (build 19+36-2238)
# Java VM: Java HotSpot(TM) 64-Bit Server VM (19+36-2238, mixed mode, sharing, tiered, compressed oops, compressed class ptrs, g1 gc, windows-amd64)
GC Precious Log:
 CardTable entry size: 512
 Card Set container configuration: InlinePtr #cards 5 size 8 Array Of Cards #cards 12 size 40 Howl #buckets 4 coarsen threshold 1843 Howl Bitmap #cards 512 size 80 coarsen threshold 460 Card regions per heap region 1 cards per card region 2048
 CPUs: 8 total, 8 available
 Memory: 8068M
 Large Page Support: Disabled
 NUMA Support: Disabled
 Compressed Oops: Enabled (32-bit)
 Heap Region Size: 1M
 Heap Min Capacity: 8M
 Heap Initial Capacity: 128M
 Heap Max Capacity: 1536M
 Pre-touch: Disabled
 Parallel Workers: 8
 Concurrent Workers: 2
 Concurrent Refinement Workers: 8
 Periodic GC: Disabled
Heap:
 garbage-first heap   total 301056K, used 241895K [0x00000000a0000000, 0x0000000100000000)
  region size 1024K, 43 young (44032K), 7 survivors (7168K)
 Metaspace       used 111108K, committed 113408K, reserved 1179648K
  class space    used 14641K, committed 15744K, reserved 1048576K
GC Heap History (20 events):
Event: 47.083 GC heap before
{Heap before GC invocations=49 (full 0):
 garbage-first heap   total 217088K, used 190067K [0x00000000a0000000, 0x0000000100000000)
  region size 1024K, 62 young (63488K), 5 survivors (5120K)
 Metaspace       used 91075K, committed 93184K, reserved 1179648K
  class space    used 12031K, committed 13056K, reserved 1048576K
}
Event: 47.085 GC heap after
{Heap after GC invocations=50 (full 0):
 garbage-first heap   total 261120K, used 126786K [0x00000000a0000000, 0x0000000100000000)
  region size 1024K, 1 young (1024K), 1 survivors (1024K)
 Metaspace       used 91075K, committed 93184K, reserved 1179648K
  class space    used 12031K, committed 13056K, reserved 1048576K
}
Event: 47.463 GC heap before
{Heap before GC invocations=50 (full 0):
 garbage-first heap   total 261120K, used 230210K [0x00000000a0000000, 0x0000000100000000)
  region size 1024K, 103 young (105472K), 1 survivors (1024K)
 Metaspace       used 91080K, committed 93184K, reserved 1179648K
  class space    used 12031K, committed 13056K, reserved 1048576K
}
Event: 47.465 GC heap after
{Heap after GC invocations=51 (full 0):
 garbage-first heap   total 261120K, used 126379K [0x00000000a0000000, 0x0000000100000000)
  region size 1024K, 2 young (2048K), 2 survivors (2048K)
 Metaspace       used 91080K, committed 93184K, reserved 1179648K
  class space    used 12031K, committed 13056K, reserved 1048576K
}
Event: 48.192 GC heap before
{Heap before GC invocations=51 (full 0):
 garbage-first heap   total 261120K, used 231851K [0x00000000a0000000, 0x0000000100000000)
  region size 1024K, 104 young (106496K), 2 survivors (2048K)
 Metaspace       used 91698K, committed 93760K, reserved 1179648K
  class space    used 12109K, committed 13120K, reserved 1048576K
}
Event: 48.199 GC heap after
{Heap after GC invocations=52 (full 0):
 garbage-first heap   total 261120K, used 135846K [0x00000000a0000000, 0x0000000100000000)
  region size 1024K, 10 young (10240K), 10 survivors (10240K)
 Metaspace       used 91698K, committed 93760K, reserved 1179648K
  class space    used 12109K, committed 13120K, reserved 1048576K
}
Event: 49.999 GC heap before
{Heap before GC invocations=52 (full 0):
 garbage-first heap   total 261120K, used 229030K [0x00000000a0000000, 0x0000000100000000)
  region size 1024K, 93 young (95232K), 10 survivors (10240K)
 Metaspace       used 93763K, committed 95936K, reserved 1179648K
  class space    used 12362K, committed 13376K, reserved 1048576K
}
Event: 50.019 GC heap after
{Heap after GC invocations=53 (full 0):
 garbage-first heap   total 261120K, used 163608K [0x00000000a0000000, 0x0000000100000000)
  region size 1024K, 12 young (12288K), 12 survivors (12288K)
 Metaspace       used 93763K, committed 95936K, reserved 1179648K
  class space    used 12362K, committed 13376K, reserved 1048576K
}
Event: 50.948 GC heap before
{Heap before GC invocations=53 (full 0):
 garbage-first heap   total 261120K, used 214808K [0x00000000a0000000, 0x0000000100000000)
  region size 1024K, 62 young (63488K), 12 survivors (12288K)
 Metaspace       used 98704K, committed 100864K, reserved 1179648K
  class space    used 12997K, committed 14016K, reserved 1048576K
}
Event: 50.967 GC heap after
{Heap after GC invocations=54 (full 0):
 garbage-first heap   total 261120K, used 168796K [0x00000000a0000000, 0x0000000100000000)
  region size 1024K, 4 young (4096K), 4 survivors (4096K)
 Metaspace       used 98704K, committed 100864K, reserved 1179648K
  class space    used 12997K, committed 14016K, reserved 1048576K
}
Event: 52.188 GC heap before
{Heap before GC invocations=55 (full 0):
 garbage-first heap   total 301056K, used 214876K [0x00000000a0000000, 0x0000000100000000)
  region size 1024K, 49 young (50176K), 4 survivors (4096K)
 Metaspace       used 101997K, committed 104192K, reserved 1179648K
  class space    used 13466K, committed 14528K, reserved 1048576K
}
Event: 52.201 GC heap after
{Heap after GC invocations=56 (full 0):
 garbage-first heap   total 301056K, used 174325K [0x00000000a0000000, 0x0000000100000000)
  region size 1024K, 7 young (7168K), 7 survivors (7168K)
 Metaspace       used 101997K, committed 104192K, reserved 1179648K
  class space    used 13466K, committed 14528K, reserved 1048576K
}
Event: 52.360 GC heap before
{Heap before GC invocations=56 (full 0):
 garbage-first heap   total 301056K, used 181493K [0x00000000a0000000, 0x0000000100000000)
  region size 1024K, 14 young (14336K), 7 survivors (7168K)
 Metaspace       used 102868K, committed 105152K, reserved 1179648K
  class space    used 13626K, committed 14720K, reserved 1048576K
}
Event: 52.370 GC heap after
{Heap after GC invocations=57 (full 0):
 garbage-first heap   total 301056K, used 174110K [0x00000000a0000000, 0x0000000100000000)
  region size 1024K, 2 young (2048K), 2 survivors (2048K)
 Metaspace       used 102868K, committed 105152K, reserved 1179648K
  class space    used 13626K, committed 14720K, reserved 1048576K
}
Event: 53.644 GC heap before
{Heap before GC invocations=57 (full 0):
 garbage-first heap   total 301056K, used 245790K [0x00000000a0000000, 0x0000000100000000)
  region size 1024K, 73 young (74752K), 2 survivors (2048K)
 Metaspace       used 106205K, committed 108544K, reserved 1179648K
  class space    used 14042K, committed 15168K, reserved 1048576K
}
Event: 53.663 GC heap after
{Heap after GC invocations=58 (full 0):
 garbage-first heap   total 301056K, used 189935K [0x00000000a0000000, 0x0000000100000000)
  region size 1024K, 10 young (10240K), 10 survivors (10240K)
 Metaspace       used 106205K, committed 108544K, reserved 1179648K
  class space    used 14042K, committed 15168K, reserved 1048576K
}
Event: 54.442 GC heap before
{Heap before GC invocations=58 (full 0):
 garbage-first heap   total 301056K, used 243183K [0x00000000a0000000, 0x0000000100000000)
  region size 1024K, 62 young (63488K), 10 survivors (10240K)
 Metaspace       used 107431K, committed 109760K, reserved 1179648K
  class space    used 14183K, committed 15296K, reserved 1048576K
}
Event: 54.469 GC heap after
{Heap after GC invocations=59 (full 0):
 garbage-first heap   total 301056K, used 198957K [0x00000000a0000000, 0x0000000100000000)
  region size 1024K, 8 young (8192K), 8 survivors (8192K)
 Metaspace       used 107431K, committed 109760K, reserved 1179648K
  class space    used 14183K, committed 15296K, reserved 1048576K
}
Event: 55.878 GC heap before
{Heap before GC invocations=59 (full 0):
 garbage-first heap   total 301056K, used 246061K [0x00000000a0000000, 0x0000000100000000)
  region size 1024K, 54 young (55296K), 8 survivors (8192K)
 Metaspace       used 110591K, committed 112896K, reserved 1179648K
  class space    used 14556K, committed 15680K, reserved 1048576K
}
Event: 55.904 GC heap after
{Heap after GC invocations=60 (full 0):
 garbage-first heap   total 301056K, used 207079K [0x00000000a0000000, 0x0000000100000000)
  region size 1024K, 7 young (7168K), 7 survivors (7168K)
 Metaspace       used 110591K, committed 112896K, reserved 1179648K
  class space    used 14556K, committed 15680K, reserved 1048576K
}

