# JRE version: Java(TM) SE Runtime Environment (19.0+36) (build 19+36-2238)
# Java VM: Java HotSpot(TM) 64-Bit Server VM (19+36-2238, mixed mode, sharing, tiered, compressed oops, compressed class ptrs, g1 gc, windows-amd64)
GC Precious Log:
 CardTable entry size: 512
 Card Set container configuration: InlinePtr #cards 5 size 8 Array Of Cards #cards 12 size 40 Howl #buckets 4 coarsen threshold 1843 Howl Bitmap #cards 512 size 80 coarsen threshold 460 Card regions per heap region 1 cards per card region 2048
 CPUs: 8 total, 8 available
 Memory: 8068M
 Large Page Support: Disabled
 NUMA Support: Disabled
 Compressed Oops: Enabled (32-bit)
 Heap Region Size: 1M
 Heap Min Capacity: 8M
 Heap Initial Capacity: 128M
 Heap Max Capacity: 1536M
 Pre-touch: Disabled
 Parallel Workers: 8
 Concurrent Workers: 2
 Concurrent Refinement Workers: 8
 Periodic GC: Disabled
Heap:
 garbage-first heap   total 306176K, used 193823K [0x00000000a0000000, 0x0000000100000000)
  region size 1024K, 8 young (8192K), 8 survivors (8192K)
 Metaspace       used 95129K, committed 97472K, reserved 1179648K
  class space    used 12764K, committed 13888K, reserved 1048576K
GC Heap History (20 events):
Event: 44.721 GC heap after
{Heap after GC invocations=28 (full 0):
 garbage-first heap   total 290816K, used 81070K [0x00000000a0000000, 0x0000000100000000)
  region size 1024K, 5 young (5120K), 5 survivors (5120K)
 Metaspace       used 73801K, committed 75648K, reserved 1114112K
  class space    used 10002K, committed 10944K, reserved 1048576K
}
Event: 46.191 GC heap before
{Heap before GC invocations=29 (full 0):
 garbage-first heap   total 290816K, used 232622K [0x00000000a0000000, 0x0000000100000000)
  region size 1024K, 149 young (152576K), 5 survivors (5120K)
 Metaspace       used 77583K, committed 79744K, reserved 1179648K
  class space    used 10485K, committed 11520K, reserved 1048576K
}
Event: 46.216 GC heap after
{Heap after GC invocations=30 (full 0):
 garbage-first heap   total 290816K, used 114276K [0x00000000a0000000, 0x0000000100000000)
  region size 1024K, 19 young (19456K), 19 survivors (19456K)
 Metaspace       used 77583K, committed 79744K, reserved 1179648K
  class space    used 10485K, committed 11520K, reserved 1048576K
}
Event: 46.221 GC heap before
{Heap before GC invocations=30 (full 0):
 garbage-first heap   total 290816K, used 115300K [0x00000000a0000000, 0x0000000100000000)
  region size 1024K, 20 young (20480K), 19 survivors (19456K)
 Metaspace       used 77583K, committed 79744K, reserved 1179648K
  class space    used 10485K, committed 11520K, reserved 1048576K
}
Event: 46.230 GC heap after
{Heap after GC invocations=31 (full 0):
 garbage-first heap   total 290816K, used 117285K [0x00000000a0000000, 0x0000000100000000)
  region size 1024K, 2 young (2048K), 2 survivors (2048K)
 Metaspace       used 77583K, committed 79744K, reserved 1179648K
  class space    used 10485K, committed 11520K, reserved 1048576K
}
Event: 46.963 GC heap before
{Heap before GC invocations=31 (full 0):
 garbage-first heap   total 290816K, used 214565K [0x00000000a0000000, 0x0000000100000000)
  region size 1024K, 96 young (98304K), 2 survivors (2048K)
 Metaspace       used 78554K, committed 80896K, reserved 1179648K
  class space    used 10612K, committed 11712K, reserved 1048576K
}
Event: 46.981 GC heap after
{Heap after GC invocations=32 (full 0):
 garbage-first heap   total 290816K, used 140643K [0x00000000a0000000, 0x0000000100000000)
  region size 1024K, 12 young (12288K), 12 survivors (12288K)
 Metaspace       used 78554K, committed 80896K, reserved 1179648K
  class space    used 10612K, committed 11712K, reserved 1048576K
}
Event: 47.019 GC heap before
{Heap before GC invocations=32 (full 0):
 garbage-first heap   total 290816K, used 143715K [0x00000000a0000000, 0x0000000100000000)
  region size 1024K, 16 young (16384K), 12 survivors (12288K)
 Metaspace       used 78633K, committed 80960K, reserved 1179648K
  class space    used 10624K, committed 11712K, reserved 1048576K
}
Event: 47.029 GC heap after
{Heap after GC invocations=33 (full 0):
 garbage-first heap   total 290816K, used 143360K [0x00000000a0000000, 0x0000000100000000)
  region size 1024K, 2 young (2048K), 2 survivors (2048K)
 Metaspace       used 78633K, committed 80960K, reserved 1179648K
  class space    used 10624K, committed 11712K, reserved 1048576K
}
Event: 48.191 GC heap before
{Heap before GC invocations=34 (full 0):
 garbage-first heap   total 290816K, used 230400K [0x00000000a0000000, 0x0000000100000000)
  region size 1024K, 80 young (81920K), 2 survivors (2048K)
 Metaspace       used 85250K, committed 87552K, reserved 1179648K
  class space    used 11463K, committed 12544K, reserved 1048576K
}
Event: 48.198 GC heap after
{Heap after GC invocations=35 (full 0):
 garbage-first heap   total 290816K, used 157675K [0x00000000a0000000, 0x0000000100000000)
  region size 1024K, 9 young (9216K), 9 survivors (9216K)
 Metaspace       used 85250K, committed 87552K, reserved 1179648K
  class space    used 11463K, committed 12544K, reserved 1048576K
}
Event: 48.237 GC heap before
{Heap before GC invocations=35 (full 0):
 garbage-first heap   total 290816K, used 162795K [0x00000000a0000000, 0x0000000100000000)
  region size 1024K, 14 young (14336K), 9 survivors (9216K)
 Metaspace       used 85253K, committed 87552K, reserved 1179648K
  class space    used 11463K, committed 12544K, reserved 1048576K
}
Event: 48.242 GC heap after
{Heap after GC invocations=36 (full 0):
 garbage-first heap   total 290816K, used 157086K [0x00000000a0000000, 0x0000000100000000)
  region size 1024K, 1 young (1024K), 1 survivors (1024K)
 Metaspace       used 85253K, committed 87552K, reserved 1179648K
  class space    used 11463K, committed 12544K, reserved 1048576K
}
Event: 48.999 GC heap before
{Heap before GC invocations=36 (full 0):
 garbage-first heap   total 290816K, used 230814K [0x00000000a0000000, 0x0000000100000000)
  region size 1024K, 74 young (75776K), 1 survivors (1024K)
 Metaspace       used 91409K, committed 93760K, reserved 1179648K
  class space    used 12309K, committed 13440K, reserved 1048576K
}
Event: 49.008 GC heap after
{Heap after GC invocations=37 (full 0):
 garbage-first heap   total 290816K, used 166055K [0x00000000a0000000, 0x0000000100000000)
  region size 1024K, 10 young (10240K), 10 survivors (10240K)
 Metaspace       used 91409K, committed 93760K, reserved 1179648K
  class space    used 12309K, committed 13440K, reserved 1048576K
}
Event: 49.670 GC heap before
{Heap before GC invocations=38 (full 0):
 garbage-first heap   total 306176K, used 232615K [0x00000000a0000000, 0x0000000100000000)
  region size 1024K, 75 young (76800K), 10 survivors (10240K)
 Metaspace       used 93533K, committed 95872K, reserved 1179648K
  class space    used 12577K, committed 13696K, reserved 1048576K
}
Event: 49.706 GC heap after
{Heap after GC invocations=39 (full 0):
 garbage-first heap   total 306176K, used 182654K [0x00000000a0000000, 0x0000000100000000)
  region size 1024K, 10 young (10240K), 10 survivors (10240K)
 Metaspace       used 93533K, committed 95872K, reserved 1179648K
  class space    used 12577K, committed 13696K, reserved 1048576K
}
Event: 49.737 GC heap before
{Heap before GC invocations=39 (full 0):
 garbage-first heap   total 306176K, used 186750K [0x00000000a0000000, 0x0000000100000000)
  region size 1024K, 14 young (14336K), 10 survivors (10240K)
 Metaspace       used 93728K, committed 96064K, reserved 1179648K
  class space    used 12601K, committed 13696K, reserved 1048576K
}
Event: 49.747 GC heap after
{Heap after GC invocations=40 (full 0):
 garbage-first heap   total 306176K, used 184640K [0x00000000a0000000, 0x0000000100000000)
  region size 1024K, 2 young (2048K), 2 survivors (2048K)
 Metaspace       used 93728K, committed 96064K, reserved 1179648K
  class space    used 12601K, committed 13696K, reserved 1048576K
}
Event: 50.167 GC heap before
{Heap before GC invocations=40 (full 0):
 garbage-first heap   total 306176K, used 245056K [0x00000000a0000000, 0x0000000100000000)
  region size 1024K, 61 young (62464K), 2 survivors (2048K)
 Metaspace       used 95129K, committed 97472K, reserved 1179648K
  class space    used 12764K, committed 13888K, reserved 1048576K
}

